07-05-2016 @ 14:58:02 - Queuing 2.6.0 - wc_update_260_options
07-05-2016 @ 14:58:02 - Queuing 2.6.0 - wc_update_260_termmeta
07-05-2016 @ 14:58:02 - Queuing 2.6.0 - wc_update_260_zones
07-05-2016 @ 14:58:02 - Queuing 2.6.0 - wc_update_260_zone_methods
07-05-2016 @ 14:58:02 - Queuing 2.6.0 - wc_update_260_refunds
07-05-2016 @ 14:58:02 - Queuing 2.6.0 - wc_update_260_db_version
07-05-2016 @ 14:58:03 - Unable to dispatch WooCommerce updater: Operation timed out after 1034 milliseconds with 0 out of -1 bytes received
07-05-2016 @ 14:58:03 - Running wc_update_260_options callback
07-05-2016 @ 14:58:03 - Finished wc_update_260_options callback
07-05-2016 @ 14:58:03 - Running wc_update_260_termmeta callback
07-05-2016 @ 14:58:03 - Finished wc_update_260_termmeta callback
07-05-2016 @ 14:58:03 - Running wc_update_260_zones callback
07-05-2016 @ 14:58:03 - Finished wc_update_260_zones callback
07-05-2016 @ 14:58:03 - Running wc_update_260_zone_methods callback
07-05-2016 @ 14:58:03 - Finished wc_update_260_zone_methods callback
07-05-2016 @ 14:58:03 - Running wc_update_260_refunds callback
07-05-2016 @ 14:58:03 - Finished wc_update_260_refunds callback
07-05-2016 @ 14:58:03 - Running wc_update_260_db_version callback
07-05-2016 @ 14:58:03 - Finished wc_update_260_db_version callback
07-05-2016 @ 14:58:03 - Data update complete
