May 18 2018 05:36:44
{"Number":2,"Message":"fopen(\/var\/www\/html\/wordpress\/wp-content\/uploads\/2016\/07\/demoimages32-270x270.jpg): failed to open stream: Permission denied","File":"\/var\/www\/html\/wordpress\/wp-content\/plugins\/all-in-one-wp-migration\/lib\/vendor\/servmask\/archiver\/class-ai1wm-extractor.php","Line":416}

May 18 2018 05:36:44
{"Number":2,"Message":"fopen(\/var\/www\/html\/wordpress\/wp-content\/uploads\/2016\/07\/demoimages26-270x270.jpg): failed to open stream: Permission denied","File":"\/var\/www\/html\/wordpress\/wp-content\/plugins\/all-in-one-wp-migration\/lib\/vendor\/servmask\/archiver\/class-ai1wm-extractor.php","Line":416}

May 18 2018 05:36:44
{"Number":2,"Message":"fopen(\/var\/www\/html\/wordpress\/wp-content\/uploads\/2016\/07\/default_bg2-2-270x270.jpg): failed to open stream: Permission denied","File":"\/var\/www\/html\/wordpress\/wp-content\/plugins\/all-in-one-wp-migration\/lib\/vendor\/servmask\/archiver\/class-ai1wm-extractor.php","Line":416}

May 18 2018 05:36:44
{"Number":2,"Message":"fopen(\/var\/www\/html\/wordpress\/wp-content\/uploads\/2016\/07\/ipad-632512_960_720-e1468687178310-270x270.jpg): failed to open stream: Permission denied","File":"\/var\/www\/html\/wordpress\/wp-content\/plugins\/all-in-one-wp-migration\/lib\/vendor\/servmask\/archiver\/class-ai1wm-extractor.php","Line":416}

May 18 2018 05:36:44
{"Number":2,"Message":"fopen(\/var\/www\/html\/wordpress\/wp-content\/uploads\/2016\/07\/10698168344_d994163555_h-270x270.jpg): failed to open stream: Permission denied","File":"\/var\/www\/html\/wordpress\/wp-content\/plugins\/all-in-one-wp-migration\/lib\/vendor\/servmask\/archiver\/class-ai1wm-extractor.php","Line":416}

May 18 2018 05:36:44
{"Number":2,"Message":"fopen(\/var\/www\/html\/wordpress\/wp-content\/uploads\/2016\/07\/default_bg2-2-349x83.jpg): failed to open stream: Permission denied","File":"\/var\/www\/html\/wordpress\/wp-content\/plugins\/all-in-one-wp-migration\/lib\/vendor\/servmask\/archiver\/class-ai1wm-extractor.php","Line":416}

May 18 2018 05:36:44
{"Number":2,"Message":"fopen(\/var\/www\/html\/wordpress\/wp-content\/uploads\/2016\/07\/demoimages28-270x270.jpg): failed to open stream: Permission denied","File":"\/var\/www\/html\/wordpress\/wp-content\/plugins\/all-in-one-wp-migration\/lib\/vendor\/servmask\/archiver\/class-ai1wm-extractor.php","Line":416}

May 18 2018 05:36:44
{"Number":2,"Message":"fopen(\/var\/www\/html\/wordpress\/wp-content\/uploads\/2016\/07\/photography-405897_1920-270x270.jpg): failed to open stream: Permission denied","File":"\/var\/www\/html\/wordpress\/wp-content\/plugins\/all-in-one-wp-migration\/lib\/vendor\/servmask\/archiver\/class-ai1wm-extractor.php","Line":416}

May 18 2018 05:36:44
{"Number":2,"Message":"fopen(\/var\/www\/html\/wordpress\/wp-content\/uploads\/2016\/07\/demoimages9-270x270.jpg): failed to open stream: Permission denied","File":"\/var\/www\/html\/wordpress\/wp-content\/plugins\/all-in-one-wp-migration\/lib\/vendor\/servmask\/archiver\/class-ai1wm-extractor.php","Line":416}

May 18 2018 05:36:44
{"Number":2,"Message":"fopen(\/var\/www\/html\/wordpress\/wp-content\/uploads\/2016\/07\/demoimages30-270x270.jpg): failed to open stream: Permission denied","File":"\/var\/www\/html\/wordpress\/wp-content\/plugins\/all-in-one-wp-migration\/lib\/vendor\/servmask\/archiver\/class-ai1wm-extractor.php","Line":416}

May 18 2018 05:36:44
{"Number":2,"Message":"fopen(\/var\/www\/html\/wordpress\/wp-content\/uploads\/2016\/07\/demoimages13-270x270.jpg): failed to open stream: Permission denied","File":"\/var\/www\/html\/wordpress\/wp-content\/plugins\/all-in-one-wp-migration\/lib\/vendor\/servmask\/archiver\/class-ai1wm-extractor.php","Line":416}

May 18 2018 05:36:44
{"Number":2,"Message":"fopen(\/var\/www\/html\/wordpress\/wp-content\/uploads\/2016\/07\/headphones-405855_1280-270x270.jpg): failed to open stream: Permission denied","File":"\/var\/www\/html\/wordpress\/wp-content\/plugins\/all-in-one-wp-migration\/lib\/vendor\/servmask\/archiver\/class-ai1wm-extractor.php","Line":416}

May 18 2018 05:36:44
{"Number":2,"Message":"fopen(\/var\/www\/html\/wordpress\/wp-content\/uploads\/2016\/07\/demoimages7-270x270.jpg): failed to open stream: Permission denied","File":"\/var\/www\/html\/wordpress\/wp-content\/plugins\/all-in-one-wp-migration\/lib\/vendor\/servmask\/archiver\/class-ai1wm-extractor.php","Line":416}

May 18 2018 05:36:45
{"Number":2,"Message":"fopen(\/var\/www\/html\/wordpress\/wp-content\/uploads\/2016\/07\/demoimages25-270x270.jpg): failed to open stream: Permission denied","File":"\/var\/www\/html\/wordpress\/wp-content\/plugins\/all-in-one-wp-migration\/lib\/vendor\/servmask\/archiver\/class-ai1wm-extractor.php","Line":416}

May 18 2018 05:36:45
{"Number":2,"Message":"fopen(\/var\/www\/html\/wordpress\/wp-content\/uploads\/2016\/07\/default_bg3-270x270.jpg): failed to open stream: Permission denied","File":"\/var\/www\/html\/wordpress\/wp-content\/plugins\/all-in-one-wp-migration\/lib\/vendor\/servmask\/archiver\/class-ai1wm-extractor.php","Line":416}

May 18 2018 05:36:45
{"Number":2,"Message":"fopen(\/var\/www\/html\/wordpress\/wp-content\/uploads\/2016\/07\/demoimages10-270x270.jpg): failed to open stream: Permission denied","File":"\/var\/www\/html\/wordpress\/wp-content\/plugins\/all-in-one-wp-migration\/lib\/vendor\/servmask\/archiver\/class-ai1wm-extractor.php","Line":416}

May 18 2018 05:36:45
{"Number":2,"Message":"fopen(\/var\/www\/html\/wordpress\/wp-content\/uploads\/2016\/07\/demoimages8-270x270.jpg): failed to open stream: Permission denied","File":"\/var\/www\/html\/wordpress\/wp-content\/plugins\/all-in-one-wp-migration\/lib\/vendor\/servmask\/archiver\/class-ai1wm-extractor.php","Line":416}

May 18 2018 05:36:45
{"Number":2,"Message":"fopen(\/var\/www\/html\/wordpress\/wp-content\/uploads\/2016\/07\/demoimages12-270x270.jpg): failed to open stream: Permission denied","File":"\/var\/www\/html\/wordpress\/wp-content\/plugins\/all-in-one-wp-migration\/lib\/vendor\/servmask\/archiver\/class-ai1wm-extractor.php","Line":416}

May 18 2018 05:36:45
{"Number":2,"Message":"fopen(\/var\/www\/html\/wordpress\/wp-content\/uploads\/2016\/07\/mainbg6-270x270.jpg): failed to open stream: Permission denied","File":"\/var\/www\/html\/wordpress\/wp-content\/plugins\/all-in-one-wp-migration\/lib\/vendor\/servmask\/archiver\/class-ai1wm-extractor.php","Line":416}

May 18 2018 05:36:45
{"Number":2,"Message":"fopen(\/var\/www\/html\/wordpress\/wp-content\/uploads\/2016\/07\/demoimages16-270x270.jpg): failed to open stream: Permission denied","File":"\/var\/www\/html\/wordpress\/wp-content\/plugins\/all-in-one-wp-migration\/lib\/vendor\/servmask\/archiver\/class-ai1wm-extractor.php","Line":416}

May 18 2018 05:36:45
{"Number":2,"Message":"fopen(\/var\/www\/html\/wordpress\/wp-content\/uploads\/2016\/07\/demoimages15-270x270.jpg): failed to open stream: Permission denied","File":"\/var\/www\/html\/wordpress\/wp-content\/plugins\/all-in-one-wp-migration\/lib\/vendor\/servmask\/archiver\/class-ai1wm-extractor.php","Line":416}

May 18 2018 05:36:45
{"Number":2,"Message":"fopen(\/var\/www\/html\/wordpress\/wp-content\/uploads\/2016\/07\/paypal_visa-1-100x100.png): failed to open stream: Permission denied","File":"\/var\/www\/html\/wordpress\/wp-content\/plugins\/all-in-one-wp-migration\/lib\/vendor\/servmask\/archiver\/class-ai1wm-extractor.php","Line":416}

May 18 2018 05:36:45
{"Number":2,"Message":"fopen(\/var\/www\/html\/wordpress\/wp-content\/uploads\/2016\/07\/demoimages33-270x270.jpg): failed to open stream: Permission denied","File":"\/var\/www\/html\/wordpress\/wp-content\/plugins\/all-in-one-wp-migration\/lib\/vendor\/servmask\/archiver\/class-ai1wm-extractor.php","Line":416}

May 18 2018 05:36:45
{"Number":2,"Message":"fopen(\/var\/www\/html\/wordpress\/wp-content\/uploads\/2016\/07\/default_bg-1-270x270.jpg): failed to open stream: Permission denied","File":"\/var\/www\/html\/wordpress\/wp-content\/plugins\/all-in-one-wp-migration\/lib\/vendor\/servmask\/archiver\/class-ai1wm-extractor.php","Line":416}

May 18 2018 05:36:45
{"Number":2,"Message":"fopen(\/var\/www\/html\/wordpress\/wp-content\/uploads\/2016\/07\/kirpichbg-1-347x101.jpg): failed to open stream: Permission denied","File":"\/var\/www\/html\/wordpress\/wp-content\/plugins\/all-in-one-wp-migration\/lib\/vendor\/servmask\/archiver\/class-ai1wm-extractor.php","Line":416}

May 18 2018 05:36:45
{"Number":2,"Message":"fopen(\/var\/www\/html\/wordpress\/wp-content\/uploads\/2016\/07\/paypal_visa-1-100x17.png): failed to open stream: Permission denied","File":"\/var\/www\/html\/wordpress\/wp-content\/plugins\/all-in-one-wp-migration\/lib\/vendor\/servmask\/archiver\/class-ai1wm-extractor.php","Line":416}

May 18 2018 05:36:45
{"Number":2,"Message":"fopen(\/var\/www\/html\/wordpress\/wp-content\/uploads\/2016\/07\/mainbg6-349x83.jpg): failed to open stream: Permission denied","File":"\/var\/www\/html\/wordpress\/wp-content\/plugins\/all-in-one-wp-migration\/lib\/vendor\/servmask\/archiver\/class-ai1wm-extractor.php","Line":416}

May 18 2018 05:36:45
{"Number":2,"Message":"fopen(\/var\/www\/html\/wordpress\/wp-content\/uploads\/2016\/07\/demoimages31-270x270.jpg): failed to open stream: Permission denied","File":"\/var\/www\/html\/wordpress\/wp-content\/plugins\/all-in-one-wp-migration\/lib\/vendor\/servmask\/archiver\/class-ai1wm-extractor.php","Line":416}

May 18 2018 05:36:45
{"Number":2,"Message":"fopen(\/var\/www\/html\/wordpress\/wp-content\/uploads\/2016\/07\/krown-270x270.png): failed to open stream: Permission denied","File":"\/var\/www\/html\/wordpress\/wp-content\/plugins\/all-in-one-wp-migration\/lib\/vendor\/servmask\/archiver\/class-ai1wm-extractor.php","Line":416}

May 18 2018 05:36:45
{"Number":2,"Message":"fopen(\/var\/www\/html\/wordpress\/wp-content\/uploads\/2016\/07\/mainbg3-270x270.jpg): failed to open stream: Permission denied","File":"\/var\/www\/html\/wordpress\/wp-content\/plugins\/all-in-one-wp-migration\/lib\/vendor\/servmask\/archiver\/class-ai1wm-extractor.php","Line":416}

May 18 2018 05:36:45
{"Number":2,"Message":"fopen(\/var\/www\/html\/wordpress\/wp-content\/uploads\/2016\/07\/hand-270x270.png): failed to open stream: Permission denied","File":"\/var\/www\/html\/wordpress\/wp-content\/plugins\/all-in-one-wp-migration\/lib\/vendor\/servmask\/archiver\/class-ai1wm-extractor.php","Line":416}

May 18 2018 05:36:46
{"Number":2,"Message":"fopen(\/var\/www\/html\/wordpress\/wp-content\/uploads\/2016\/07\/girl-549154_1920-270x270.jpg): failed to open stream: Permission denied","File":"\/var\/www\/html\/wordpress\/wp-content\/plugins\/all-in-one-wp-migration\/lib\/vendor\/servmask\/archiver\/class-ai1wm-extractor.php","Line":416}

May 18 2018 05:36:46
{"Number":2,"Message":"fopen(\/var\/www\/html\/wordpress\/wp-content\/uploads\/2016\/07\/demoimages27-270x270.jpg): failed to open stream: Permission denied","File":"\/var\/www\/html\/wordpress\/wp-content\/plugins\/all-in-one-wp-migration\/lib\/vendor\/servmask\/archiver\/class-ai1wm-extractor.php","Line":416}

May 18 2018 05:36:46
{"Number":2,"Message":"fopen(\/var\/www\/html\/wordpress\/wp-content\/uploads\/2016\/07\/demoimages22-270x270.jpg): failed to open stream: Permission denied","File":"\/var\/www\/html\/wordpress\/wp-content\/plugins\/all-in-one-wp-migration\/lib\/vendor\/servmask\/archiver\/class-ai1wm-extractor.php","Line":416}

May 18 2018 05:36:46
{"Number":2,"Message":"fopen(\/var\/www\/html\/wordpress\/wp-content\/uploads\/2016\/07\/demoimages24-270x270.jpg): failed to open stream: Permission denied","File":"\/var\/www\/html\/wordpress\/wp-content\/plugins\/all-in-one-wp-migration\/lib\/vendor\/servmask\/archiver\/class-ai1wm-extractor.php","Line":416}

May 18 2018 05:36:46
{"Number":2,"Message":"fopen(\/var\/www\/html\/wordpress\/wp-content\/uploads\/2016\/07\/demoimages20-270x270.jpg): failed to open stream: Permission denied","File":"\/var\/www\/html\/wordpress\/wp-content\/plugins\/all-in-one-wp-migration\/lib\/vendor\/servmask\/archiver\/class-ai1wm-extractor.php","Line":416}

May 18 2018 05:36:46
{"Number":2,"Message":"fopen(\/var\/www\/html\/wordpress\/wp-content\/uploads\/2016\/07\/headphones-405855_1280-348x196.jpg): failed to open stream: Permission denied","File":"\/var\/www\/html\/wordpress\/wp-content\/plugins\/all-in-one-wp-migration\/lib\/vendor\/servmask\/archiver\/class-ai1wm-extractor.php","Line":416}

May 18 2018 05:36:46
{"Number":2,"Message":"fopen(\/var\/www\/html\/wordpress\/wp-content\/uploads\/2016\/07\/photography-405897_1920-348x196.jpg): failed to open stream: Permission denied","File":"\/var\/www\/html\/wordpress\/wp-content\/plugins\/all-in-one-wp-migration\/lib\/vendor\/servmask\/archiver\/class-ai1wm-extractor.php","Line":416}

May 18 2018 05:36:46
{"Number":2,"Message":"fopen(\/var\/www\/html\/wordpress\/wp-content\/uploads\/2016\/07\/default_bg-1-345x58.jpg): failed to open stream: Permission denied","File":"\/var\/www\/html\/wordpress\/wp-content\/plugins\/all-in-one-wp-migration\/lib\/vendor\/servmask\/archiver\/class-ai1wm-extractor.php","Line":416}

May 18 2018 05:36:46
{"Number":2,"Message":"fopen(\/var\/www\/html\/wordpress\/wp-content\/uploads\/2016\/07\/10698168344_d994163555_h-349x221.jpg): failed to open stream: Permission denied","File":"\/var\/www\/html\/wordpress\/wp-content\/plugins\/all-in-one-wp-migration\/lib\/vendor\/servmask\/archiver\/class-ai1wm-extractor.php","Line":416}

May 18 2018 05:36:47
{"Number":2,"Message":"fopen(\/var\/www\/html\/wordpress\/wp-content\/uploads\/2016\/07\/watches-618370_1280-270x270.jpg): failed to open stream: Permission denied","File":"\/var\/www\/html\/wordpress\/wp-content\/plugins\/all-in-one-wp-migration\/lib\/vendor\/servmask\/archiver\/class-ai1wm-extractor.php","Line":416}

May 18 2018 05:36:47
{"Number":2,"Message":"fopen(\/var\/www\/html\/wordpress\/wp-content\/uploads\/2016\/07\/mainbg5-270x270.jpg): failed to open stream: Permission denied","File":"\/var\/www\/html\/wordpress\/wp-content\/plugins\/all-in-one-wp-migration\/lib\/vendor\/servmask\/archiver\/class-ai1wm-extractor.php","Line":416}

May 18 2018 05:36:47
{"Number":2,"Message":"fopen(\/var\/www\/html\/wordpress\/wp-content\/uploads\/2016\/07\/rev-270x270.png): failed to open stream: Permission denied","File":"\/var\/www\/html\/wordpress\/wp-content\/plugins\/all-in-one-wp-migration\/lib\/vendor\/servmask\/archiver\/class-ai1wm-extractor.php","Line":416}

May 18 2018 05:36:47
{"Number":2,"Message":"fopen(\/var\/www\/html\/wordpress\/wp-content\/uploads\/2016\/07\/watches-618370_1280-348x196.jpg): failed to open stream: Permission denied","File":"\/var\/www\/html\/wordpress\/wp-content\/plugins\/all-in-one-wp-migration\/lib\/vendor\/servmask\/archiver\/class-ai1wm-extractor.php","Line":416}

May 18 2018 05:36:47
{"Number":2,"Message":"fopen(\/var\/www\/html\/wordpress\/wp-content\/uploads\/2016\/07\/demoimages19-270x270.jpg): failed to open stream: Permission denied","File":"\/var\/www\/html\/wordpress\/wp-content\/plugins\/all-in-one-wp-migration\/lib\/vendor\/servmask\/archiver\/class-ai1wm-extractor.php","Line":416}

May 18 2018 05:36:47
{"Number":2,"Message":"fopen(\/var\/www\/html\/wordpress\/wp-content\/uploads\/2016\/07\/demoimages18-270x270.jpg): failed to open stream: Permission denied","File":"\/var\/www\/html\/wordpress\/wp-content\/plugins\/all-in-one-wp-migration\/lib\/vendor\/servmask\/archiver\/class-ai1wm-extractor.php","Line":416}

May 18 2018 05:36:47
{"Number":2,"Message":"fopen(\/var\/www\/html\/wordpress\/wp-content\/uploads\/2016\/07\/demoimages21-270x270.jpg): failed to open stream: Permission denied","File":"\/var\/www\/html\/wordpress\/wp-content\/plugins\/all-in-one-wp-migration\/lib\/vendor\/servmask\/archiver\/class-ai1wm-extractor.php","Line":416}

May 18 2018 05:36:47
{"Number":2,"Message":"fopen(\/var\/www\/html\/wordpress\/wp-content\/uploads\/2016\/07\/default_bg3-349x83.jpg): failed to open stream: Permission denied","File":"\/var\/www\/html\/wordpress\/wp-content\/plugins\/all-in-one-wp-migration\/lib\/vendor\/servmask\/archiver\/class-ai1wm-extractor.php","Line":416}

May 18 2018 05:36:47
{"Number":2,"Message":"fopen(\/var\/www\/html\/wordpress\/wp-content\/uploads\/2016\/07\/mainbg5-349x83.jpg): failed to open stream: Permission denied","File":"\/var\/www\/html\/wordpress\/wp-content\/plugins\/all-in-one-wp-migration\/lib\/vendor\/servmask\/archiver\/class-ai1wm-extractor.php","Line":416}

May 18 2018 05:36:47
{"Number":2,"Message":"fopen(\/var\/www\/html\/wordpress\/wp-content\/uploads\/2016\/07\/demoimages11-270x270.jpg): failed to open stream: Permission denied","File":"\/var\/www\/html\/wordpress\/wp-content\/plugins\/all-in-one-wp-migration\/lib\/vendor\/servmask\/archiver\/class-ai1wm-extractor.php","Line":416}

May 18 2018 05:36:47
{"Number":2,"Message":"fopen(\/var\/www\/html\/wordpress\/wp-content\/uploads\/2016\/07\/demoimages14-270x270.jpg): failed to open stream: Permission denied","File":"\/var\/www\/html\/wordpress\/wp-content\/plugins\/all-in-one-wp-migration\/lib\/vendor\/servmask\/archiver\/class-ai1wm-extractor.php","Line":416}

May 18 2018 05:36:47
{"Number":2,"Message":"fopen(\/var\/www\/html\/wordpress\/wp-content\/uploads\/2016\/07\/demoimages17-270x270.jpg): failed to open stream: Permission denied","File":"\/var\/www\/html\/wordpress\/wp-content\/plugins\/all-in-one-wp-migration\/lib\/vendor\/servmask\/archiver\/class-ai1wm-extractor.php","Line":416}

May 18 2018 05:36:47
{"Number":2,"Message":"fopen(\/var\/www\/html\/wordpress\/wp-content\/uploads\/2016\/07\/kirpichbg-1-270x270.jpg): failed to open stream: Permission denied","File":"\/var\/www\/html\/wordpress\/wp-content\/plugins\/all-in-one-wp-migration\/lib\/vendor\/servmask\/archiver\/class-ai1wm-extractor.php","Line":416}

May 18 2018 05:36:47
{"Number":2,"Message":"fopen(\/var\/www\/html\/wordpress\/wp-content\/uploads\/2016\/07\/demoimages23-270x270.jpg): failed to open stream: Permission denied","File":"\/var\/www\/html\/wordpress\/wp-content\/plugins\/all-in-one-wp-migration\/lib\/vendor\/servmask\/archiver\/class-ai1wm-extractor.php","Line":416}

May 18 2018 05:36:47
{"Number":2,"Message":"fopen(\/var\/www\/html\/wordpress\/wp-content\/uploads\/2016\/07\/bomb-270x270.png): failed to open stream: Permission denied","File":"\/var\/www\/html\/wordpress\/wp-content\/plugins\/all-in-one-wp-migration\/lib\/vendor\/servmask\/archiver\/class-ai1wm-extractor.php","Line":416}

May 18 2018 05:36:47
{"Number":2,"Message":"fopen(\/var\/www\/html\/wordpress\/wp-content\/uploads\/2016\/07\/demoimages29-270x270.jpg): failed to open stream: Permission denied","File":"\/var\/www\/html\/wordpress\/wp-content\/plugins\/all-in-one-wp-migration\/lib\/vendor\/servmask\/archiver\/class-ai1wm-extractor.php","Line":416}

May 18 2018 05:39:00
{"type":2,"message":"mkdir(): File exists","file":"\/var\/www\/html\/wordpress\/wp-content\/plugins\/revslider\/includes\/template.class.php","line":381}

